<?xml version="1.0" encoding="UTF-8"?>
<!-- Generated by org.testng.reporters.JUnitReportReporter -->
<testsuite skipped="0" hostname="DESKTOP-INQUNRP" name="com.salesforce.logintest.Login_WithConstructorTest" tests="1" failures="0" timestamp="28 Aug 2020 20:17:48 GMT" time="1.957" errors="0">
  <testcase name="loginWithValidCredentialTest" time="1.957" classname="com.salesforce.logintest.Login_WithConstructorTest"/>
</testsuite> <!-- com.salesforce.logintest.Login_WithConstructorTest -->
