<?xml version="1.0" encoding="UTF-8"?>
<!-- Generated by org.testng.reporters.JUnitReportReporter -->
<testsuite skipped="0" hostname="DESKTOP-INQUNRP" name="com.salesforce.logintest.Login_WithConstructorTest" tests="1" failures="0" timestamp="01 Sep 2020 16:57:22 GMT" time="3.373" errors="0">
  <testcase name="loginWithValidCredentialTest" time="3.373" classname="com.salesforce.logintest.Login_WithConstructorTest"/>
</testsuite> <!-- com.salesforce.logintest.Login_WithConstructorTest -->
