<?xml version="1.0" encoding="UTF-8"?>
<!-- Generated by org.testng.reporters.JUnitReportReporter -->
<testsuite skipped="0" hostname="DESKTOP-INQUNRP" name="com.salesforce.logintest.LoginTest" tests="1" failures="0" timestamp="28 Aug 2020 20:07:20 GMT" time="3.424" errors="0">
  <testcase name="loginTest" time="3.424" classname="com.salesforce.logintest.LoginTest"/>
</testsuite> <!-- com.salesforce.logintest.LoginTest -->
