<?xml version="1.0" encoding="UTF-8"?>
<!-- Generated by org.testng.reporters.JUnitReportReporter -->
<testsuite skipped="0" hostname="DESKTOP-INQUNRP" name="com.salesforce.logintest.LoginTest" tests="1" failures="0" timestamp="01 Sep 2020 15:38:38 GMT" time="3.233" errors="0">
  <testcase name="loginTest" time="3.233" classname="com.salesforce.logintest.LoginTest"/>
</testsuite> <!-- com.salesforce.logintest.LoginTest -->
